<?xml version="1.0" encoding="UTF-8"?>
<!-- Generated by org.testng.reporters.JUnitReportReporter -->
<testsuite hostname="Cr0noX" name="tests.Search" tests="2" failures="0" timestamp="16 Dec 2018 11:14:16 GMT" time="65.768" errors="0">
  <testcase name="test001" time="32.723" classname="tests.Search"/>
  <testcase name="test001" time="33.045" classname="tests.Search"/>
</testsuite> <!-- tests.Search -->
