<?xml version="1.0" encoding="UTF-8"?>
<!-- Generated by org.testng.reporters.JUnitReportReporter -->
<testsuite skipped="0" hostname="MuDiVa" name="tests.Product" tests="2" failures="0" timestamp="17 Mar 2019 09:06:20 GMT" time="113.235" errors="0">
  <testcase name="test001" time="18.387" classname="tests.Product"/>
  <testcase name="test002" time="94.848" classname="tests.Product"/>
</testsuite> <!-- tests.Product -->
