<?xml version="1.0" encoding="UTF-8"?>
<!-- Generated by org.testng.reporters.JUnitReportReporter -->
<testsuite hostname="Cr0noX" name="tests.Login" tests="2" failures="0" timestamp="16 Dec 2018 11:14:16 GMT" time="82.462" errors="0">
  <testcase name="test001" time="40.570" classname="tests.Login"/>
  <testcase name="test001" time="41.892" classname="tests.Login"/>
</testsuite> <!-- tests.Login -->
