<?xml version="1.0" encoding="UTF-8"?>
<!-- Generated by org.testng.reporters.JUnitReportReporter -->
<testsuite skipped="0" hostname="MuDiVa" name="tests.Category" tests="5" failures="0" timestamp="17 Mar 2019 09:15:42 GMT" time="185.383" errors="0">
  <testcase name="test002" time="6.608" classname="tests.Category"/>
  <testcase name="test004" time="144.797" classname="tests.Category"/>
  <testcase name="test003" time="13.050" classname="tests.Category"/>
  <testcase name="test001" time="8.061" classname="tests.Category"/>
  <testcase name="test003" time="12.867" classname="tests.Category"/>
</testsuite> <!-- tests.Category -->
